<?xml version="1.0" encoding="UTF-8"?>
<testng-results ignored="0" total="1" passed="1" failed="0" skipped="0">
  <reporter-output>
  </reporter-output>
  <suite started-at="2022-08-08T18:42:51 EDT" name="Default suite" finished-at="2022-08-08T18:43:16 EDT" duration-ms="25199">
    <groups>
      <group name="login">
        <method signature="logintest.testLoginForGordon()[pri:1, instance:suiteCRM_TestPackage.logintest@434a63ab]" name="testLoginForGordon" class="suiteCRM_TestPackage.logintest"/>
      </group> <!-- login -->
    </groups>
    <test started-at="2022-08-08T18:42:51 EDT" name="Default test" finished-at="2022-08-08T18:43:16 EDT" duration-ms="25199">
      <class name="suiteCRM_TestPackage.logintest">
        <test-method is-config="true" signature="setup()[pri:0, instance:suiteCRM_TestPackage.logintest@434a63ab]" started-at="2022-08-08T18:42:51 EDT" name="setup" finished-at="2022-08-08T18:42:54 EDT" duration-ms="3313" status="PASS">
          <reporter-output>
          </reporter-output>
        </test-method> <!-- setup -->
        <test-method signature="testLoginForGordon()[pri:1, instance:suiteCRM_TestPackage.logintest@434a63ab]" started-at="2022-08-08T18:42:54 EDT" name="testLoginForGordon" finished-at="2022-08-08T18:43:16 EDT" duration-ms="21696" status="PASS">
          <reporter-output>
          </reporter-output>
        </test-method> <!-- testLoginForGordon -->
        <test-method is-config="true" signature="tearDown()[pri:0, instance:suiteCRM_TestPackage.logintest@434a63ab]" started-at="2022-08-08T18:43:16 EDT" name="tearDown" finished-at="2022-08-08T18:43:16 EDT" duration-ms="158" status="PASS">
          <reporter-output>
          </reporter-output>
        </test-method> <!-- tearDown -->
      </class> <!-- suiteCRM_TestPackage.logintest -->
    </test> <!-- Default test -->
  </suite> <!-- Default suite -->
</testng-results>
